0 info it worked if it ends with ok
1 verbose cli [ '/usr/local/Cellar/node/7.5.0/bin/node',
1 verbose cli   '/usr/local/bin/npm',
1 verbose cli   'publish' ]
2 info using npm@4.1.2
3 info using node@v7.5.0
4 verbose publish [ '.' ]
5 silly cache add args [ '.', null ]
6 verbose cache add spec .
7 silly cache add parsed spec Result {
7 silly cache add   raw: '.',
7 silly cache add   scope: null,
7 silly cache add   escapedName: null,
7 silly cache add   name: null,
7 silly cache add   rawSpec: '.',
7 silly cache add   spec: '/Users/michaelknoch/dev/repos/ng2-cytoscape',
7 silly cache add   type: 'directory' }
8 verbose addLocalDirectory /Users/michaelknoch/.npm/ng2-cytoscape/0.1.3/package.tgz not in flight; packing
9 verbose correctMkdir /Users/michaelknoch/.npm correctMkdir not in flight; initializing
10 info lifecycle ng2-cytoscape@0.1.3~prepublish: ng2-cytoscape@0.1.3
11 silly lifecycle ng2-cytoscape@0.1.3~prepublish: no script for prepublish, continuing
12 info lifecycle ng2-cytoscape@0.1.3~prepare: ng2-cytoscape@0.1.3
13 silly lifecycle ng2-cytoscape@0.1.3~prepare: no script for prepare, continuing
14 verbose tar pack [ '/Users/michaelknoch/.npm/ng2-cytoscape/0.1.3/package.tgz',
14 verbose tar pack   '/Users/michaelknoch/dev/repos/ng2-cytoscape' ]
15 verbose tarball /Users/michaelknoch/.npm/ng2-cytoscape/0.1.3/package.tgz
16 verbose folder /Users/michaelknoch/dev/repos/ng2-cytoscape
17 verbose addLocalTarball adding from inside cache /Users/michaelknoch/.npm/ng2-cytoscape/0.1.3/package.tgz
18 verbose correctMkdir /Users/michaelknoch/.npm correctMkdir not in flight; initializing
19 silly cache afterAdd ng2-cytoscape@0.1.3
20 verbose afterAdd /Users/michaelknoch/.npm/ng2-cytoscape/0.1.3/package/package.json not in flight; writing
21 verbose correctMkdir /Users/michaelknoch/.npm correctMkdir not in flight; initializing
22 verbose afterAdd /Users/michaelknoch/.npm/ng2-cytoscape/0.1.3/package/package.json written
23 silly publish { name: 'ng2-cytoscape',
23 silly publish   version: '0.1.3',
23 silly publish   description: '## example usage ```javascript import {Component} from \'@angular/core\'; import {NgCytoscape} from "ng2-cytoscape/dist";',
23 silly publish   repository:
23 silly publish    { type: 'git',
23 silly publish      url: 'git+https://github.com/michaelknoch/ng2-cytoscape.git' },
23 silly publish   main: 'index.js',
23 silly publish   scripts: { tsc: 'tsc', postinstall: 'typings install && tsc' },
23 silly publish   author: { name: 'Michael Knoch' },
23 silly publish   license: 'ISC',
23 silly publish   dependencies:
23 silly publish    { '@angular/core': '2.4.10',
23 silly publish      rxjs: '5.0.1',
23 silly publish      'zone.js': '^0.7.4',
23 silly publish      cytoscape: '^2.7.16' },
23 silly publish   devDependencies: { typescript: '2.2.1', typings: '^1.5.0' },
23 silly publish   readme: '# ng2-cytoscape\n\n## example usage\n```javascript\nimport {Component} from \'@angular/core\';\nimport {NgCytoscape} from "ng2-cytoscape/dist";\n\n@Component({\n    selector: \'graph\',\n    directives: [NgCytoscape],\n    template: \'<ng2-cytoscape [elements]="graphData"></ng2-cytoscape>\',\n    styles: [`\n      ng2-cytoscape {\n        height: 100vh;\n        float: left;\n        width: 100%;\n        position: relative;\n    }`],\n})\n\nexport class Graph {\n\n    graphData = {\n        nodes: [\n            {data: {id: \'j\', name: \'Jerry\', faveColor: \'#6FB1FC\', faveShape: \'triangle\'}},\n            {data: {id: \'e\', name: \'Elaine\', faveColor: \'#EDA1ED\', faveShape: \'ellipse\'}},\n            {data: {id: \'k\', name: \'Kramer\', faveColor: \'#86B342\', faveShape: \'octagon\'}},\n            {data: {id: \'g\', name: \'George\', faveColor: \'#F5A45D\', faveShape: \'rectangle\'}}\n        ],\n        edges: [\n            {data: {source: \'j\', target: \'e\', faveColor: \'#6FB1FC\'}},\n            {data: {source: \'j\', target: \'k\', faveColor: \'#6FB1FC\'}},\n            {data: {source: \'j\', target: \'g\', faveColor: \'#6FB1FC\'}},\n\n            {data: {source: \'e\', target: \'j\', faveColor: \'#EDA1ED\'}},\n            {data: {source: \'e\', target: \'k\', faveColor: \'#EDA1ED\'}},\n\n            {data: {source: \'k\', target: \'j\', faveColor: \'#86B342\'}},\n            {data: {source: \'k\', target: \'e\', faveColor: \'#86B342\'}},\n            {data: {source: \'k\', target: \'g\', faveColor: \'#86B342\'}},\n\n            {data: {source: \'g\', target: \'j\', faveColor: \'#F5A45D\'}}\n        ]\n    };\n\n    constructor() {\n    }\n    \n}\n\n```\n',
23 silly publish   readmeFilename: 'README.md',
23 silly publish   gitHead: '96d807f9862d5ff901b7ac3618a3fe61b4249139',
23 silly publish   bugs: { url: 'https://github.com/michaelknoch/ng2-cytoscape/issues' },
23 silly publish   homepage: 'https://github.com/michaelknoch/ng2-cytoscape#readme',
23 silly publish   _id: 'ng2-cytoscape@0.1.3',
23 silly publish   _shasum: 'b3fcfecf15cb35f3f5ff71f636a25ea0a3085800',
23 silly publish   _from: '.' }
24 info lifecycle ng2-cytoscape@0.1.3~prepublishOnly: ng2-cytoscape@0.1.3
25 silly lifecycle ng2-cytoscape@0.1.3~prepublishOnly: no script for prepublishOnly, continuing
26 verbose getPublishConfig undefined
27 silly mapToRegistry name ng2-cytoscape
28 silly mapToRegistry using default registry
29 silly mapToRegistry registry https://registry.npmjs.org/
30 silly mapToRegistry data Result {
30 silly mapToRegistry   raw: 'ng2-cytoscape',
30 silly mapToRegistry   scope: null,
30 silly mapToRegistry   escapedName: 'ng2-cytoscape',
30 silly mapToRegistry   name: 'ng2-cytoscape',
30 silly mapToRegistry   rawSpec: '',
30 silly mapToRegistry   spec: 'latest',
30 silly mapToRegistry   type: 'tag' }
31 silly mapToRegistry uri https://registry.npmjs.org/ng2-cytoscape
32 verbose publish registryBase https://registry.npmjs.org/
33 silly publish uploading /Users/michaelknoch/.npm/ng2-cytoscape/0.1.3/package.tgz
34 verbose request uri https://registry.npmjs.org/ng2-cytoscape
35 verbose request sending authorization for write operation
36 info attempt registry request try #1 at 1:22:29 PM
37 verbose request using bearer token for auth
38 verbose request id ec9b23e571729096
39 http request PUT https://registry.npmjs.org/ng2-cytoscape
40 http 403 https://registry.npmjs.org/ng2-cytoscape
41 verbose headers { 'content-type': 'application/json',
41 verbose headers   'cache-control': 'max-age=300',
41 verbose headers   'content-length': '95',
41 verbose headers   'accept-ranges': 'bytes',
41 verbose headers   date: 'Wed, 22 Mar 2017 12:22:30 GMT',
41 verbose headers   via: '1.1 varnish',
41 verbose headers   connection: 'keep-alive',
41 verbose headers   'x-served-by': 'cache-hhn1541-HHN',
41 verbose headers   'x-cache': 'MISS',
41 verbose headers   'x-cache-hits': '0',
41 verbose headers   'x-timer': 'S1490185349.830407,VS0,VE879',
41 verbose headers   vary: 'Accept-Encoding' }
42 verbose request invalidating /Users/michaelknoch/.npm/registry.npmjs.org/ng2-cytoscape on PUT
43 error publish Failed PUT 403
44 verbose stack Error: "You cannot publish over the previously published version 0.1.3." : ng2-cytoscape
44 verbose stack     at makeError (/usr/local/lib/node_modules/npm/node_modules/npm-registry-client/lib/request.js:304:12)
44 verbose stack     at CachingRegistryClient.<anonymous> (/usr/local/lib/node_modules/npm/node_modules/npm-registry-client/lib/request.js:292:14)
44 verbose stack     at Request._callback (/usr/local/lib/node_modules/npm/node_modules/npm-registry-client/lib/request.js:212:14)
44 verbose stack     at Request.self.callback (/usr/local/lib/node_modules/npm/node_modules/request/request.js:186:22)
44 verbose stack     at emitTwo (events.js:106:13)
44 verbose stack     at Request.emit (events.js:192:7)
44 verbose stack     at Request.<anonymous> (/usr/local/lib/node_modules/npm/node_modules/request/request.js:1081:10)
44 verbose stack     at emitOne (events.js:96:13)
44 verbose stack     at Request.emit (events.js:189:7)
44 verbose stack     at IncomingMessage.<anonymous> (/usr/local/lib/node_modules/npm/node_modules/request/request.js:1001:12)
45 verbose statusCode 403
46 verbose pkgid ng2-cytoscape
47 verbose cwd /Users/michaelknoch/dev/repos/ng2-cytoscape
48 error Darwin 16.4.0
49 error argv "/usr/local/Cellar/node/7.5.0/bin/node" "/usr/local/bin/npm" "publish"
50 error node v7.5.0
51 error npm  v4.1.2
52 error code E403
53 error "You cannot publish over the previously published version 0.1.3." : ng2-cytoscape
54 error If you need help, you may report this error at:
54 error     <https://github.com/npm/npm/issues>
55 verbose exit [ 1, true ]
